{'fatalError': False,
 'maxTotalPoints': 25,
 'messages': [],
 'mode': 'auto',
 'parts': [{'description': '',
            'extraCredit': False,
            'maxPoints': 1,
            'maxSeconds': 5,
            'messages': ["File 'writeup.pdf' does not exist"],
            'name': 'writeupValid',
            'points': 0,
            'seconds': 0},
           {'description': '',
            'extraCredit': False,
            'maxPoints': 1,
            'maxSeconds': 5,
            'messages': [],
            'name': '3a-0-basic',
            'points': 1,
            'seconds': 0},
           {'description': '',
            'extraCredit': False,
            'maxPoints': 1,
            'maxSeconds': 5,
            'messages': [],
            'name': '3a-1-basic',
            'points': 1,
            'seconds': 0},
           {'description': '',
            'extraCredit': False,
            'maxPoints': 1,
            'maxSeconds': 5,
            'messages': [],
            'name': '3a-2-basic',
            'points': 1,
            'seconds': 0},
           {'description': '',
            'extraCredit': False,
            'maxPoints': 1,
            'maxSeconds': 5,
            'messages': [],
            'name': '3b-0-basic',
            'points': 1,
            'seconds': 0},
           {'description': '',
            'extraCredit': False,
            'maxPoints': 2,
            'maxSeconds': 5,
            'messages': [],
            'name': '3b-1-hidden',
            'points': 0,
            'seconds': 0},
           {'description': '',
            'extraCredit': False,
            'maxPoints': 1,
            'maxSeconds': 5,
            'messages': ["Exception thrown: <type 'exceptions.Exception'> -- Not implemented yet",
                         '  File "grader.py", line 42, in test\n    grader.requireIsEqual(sorted([\'a a a a a\']), sorted(submission.mutateSentences(\'a a a a a\')))\n',
                         '  File "/Users/himanshu.bhandoh/Documents/Personal/cs221/submission.py", line 59, in mutateSentences\n    raise Exception("Not implemented yet")\n'],
            'name': '3c-0-basic',
            'points': 0,
            'seconds': 0},
           {'description': '',
            'extraCredit': False,
            'maxPoints': 1,
            'maxSeconds': 5,
            'messages': ["Exception thrown: <type 'exceptions.Exception'> -- Not implemented yet",
                         '  File "grader.py", line 53, in test\n    ans2 = submission.mutateSentences(sentence)\n',
                         '  File "/Users/himanshu.bhandoh/Documents/Personal/cs221/submission.py", line 59, in mutateSentences\n    raise Exception("Not implemented yet")\n'],
            'name': '3c-1-hidden',
            'points': 0,
            'seconds': 0},
           {'description': '',
            'extraCredit': False,
            'maxPoints': 2,
            'maxSeconds': 5,
            'messages': ["Exception thrown: <type 'exceptions.Exception'> -- Not implemented yet",
                         '  File "grader.py", line 60, in test\n    ans2 = submission.mutateSentences(sentence)\n',
                         '  File "/Users/himanshu.bhandoh/Documents/Personal/cs221/submission.py", line 59, in mutateSentences\n    raise Exception("Not implemented yet")\n'],
            'name': '3c-2-hidden',
            'points': 0,
            'seconds': 0},
           {'description': '',
            'extraCredit': False,
            'maxPoints': 1,
            'maxSeconds': 5,
            'messages': ["Exception thrown: <type 'exceptions.Exception'> -- Not implemented yet",
                         '  File "grader.py", line 66, in <lambda>\n    grader.addBasicPart(\'3d-0-basic\', lambda : grader.requireIsEqual(15, submission.sparseVectorDotProduct(collections.defaultdict(float, {\'a\': 5}), collections.defaultdict(float, {\'b\': 2, \'a\': 3}))))\n',
                         '  File "/Users/himanshu.bhandoh/Documents/Personal/cs221/submission.py", line 73, in sparseVectorDotProduct\n    raise Exception("Not implemented yet")\n'],
            'name': '3d-0-basic',
            'points': 0,
            'seconds': 0},
           {'description': '',
            'extraCredit': False,
            'maxPoints': 2,
            'maxSeconds': 5,
            'messages': ["Exception thrown: <type 'exceptions.Exception'> -- Not implemented yet",
                         '  File "grader.py", line 78, in test\n    ans2 = submission.sparseVectorDotProduct(v1, v2)\n',
                         '  File "/Users/himanshu.bhandoh/Documents/Personal/cs221/submission.py", line 73, in sparseVectorDotProduct\n    raise Exception("Not implemented yet")\n'],
            'name': '3d-1-hidden',
            'points': 0,
            'seconds': 0},
           {'description': '',
            'extraCredit': False,
            'maxPoints': 1,
            'maxSeconds': 5,
            'messages': ["Exception thrown: <type 'exceptions.Exception'> -- Not implemented yet",
                         '  File "grader.py", line 86, in test\n    submission.incrementSparseVector(v, 2, collections.defaultdict(float, {\'b\': 2, \'a\': 3}))\n',
                         '  File "/Users/himanshu.bhandoh/Documents/Personal/cs221/submission.py", line 85, in incrementSparseVector\n    raise Exception("Not implemented yet")\n'],
            'name': '3e-0-basic',
            'points': 0,
            'seconds': 0},
           {'description': '',
            'extraCredit': False,
            'maxPoints': 2,
            'maxSeconds': 5,
            'messages': ["Exception thrown: <type 'exceptions.Exception'> -- Not implemented yet",
                         '  File "grader.py", line 96, in test\n    submission.incrementSparseVector(v1b, 4, v2)\n',
                         '  File "/Users/himanshu.bhandoh/Documents/Personal/cs221/submission.py", line 85, in incrementSparseVector\n    raise Exception("Not implemented yet")\n'],
            'name': '3e-1-hidden',
            'points': 0,
            'seconds': 0},
           {'description': '',
            'extraCredit': False,
            'maxPoints': 1,
            'maxSeconds': 5,
            'messages': ["Exception thrown: <type 'exceptions.Exception'> -- Not implemented yet",
                         '  File "grader.py", line 106, in test3f\n    grader.requireIsEqual((set([\'the\', \'fox\']), 2), submission.computeMostFrequentWord(\'the quick brown fox jumps over the lazy fox\'))\n',
                         '  File "/Users/himanshu.bhandoh/Documents/Personal/cs221/submission.py", line 100, in computeMostFrequentWord\n    raise Exception("Not implemented yet")\n'],
            'name': '3f-0-basic',
            'points': 0,
            'seconds': 0},
           {'description': '',
            'extraCredit': False,
            'maxPoints': 1,
            'maxSeconds': 5,
            'messages': [],
            'name': '3f-1-hidden',
            'points': 0,
            'seconds': 0},
           {'description': '',
            'extraCredit': False,
            'maxPoints': 1,
            'maxSeconds': 5,
            'messages': [],
            'name': '3f-2-hidden',
            'points': 0,
            'seconds': 0},
           {'description': '',
            'extraCredit': False,
            'maxPoints': 1,
            'maxSeconds': 5,
            'messages': ["Exception thrown: <type 'exceptions.Exception'> -- Not implemented yet",
                         '  File "grader.py", line 121, in test3g\n    grader.requireIsEqual(0, submission.computeLongestPalindrome(""))\n',
                         '  File "/Users/himanshu.bhandoh/Documents/Personal/cs221/submission.py", line 116, in computeLongestPalindrome\n    raise Exception("Not implemented yet")\n'],
            'name': '3g-0-basic',
            'points': 0,
            'seconds': 0},
           {'description': '',
            'extraCredit': False,
            'maxPoints': 1,
            'maxSeconds': 1,
            'messages': ["Exception thrown: <type 'exceptions.Exception'> -- Not implemented yet",
                         '  File "grader.py", line 134, in <lambda>\n    grader.addHiddenPart(\'3g-2-hidden\', lambda : test3g(2, 10), 1, maxSeconds=1)\n',
                         '  File "grader.py", line 133, in test3g\n    ans2 = submission.computeLongestPalindrome(text)\n',
                         '  File "/Users/himanshu.bhandoh/Documents/Personal/cs221/submission.py", line 116, in computeLongestPalindrome\n    raise Exception("Not implemented yet")\n'],
            'name': '3g-2-hidden',
            'points': 0,
            'seconds': 0},
           {'description': '',
            'extraCredit': False,
            'maxPoints': 1,
            'maxSeconds': 1,
            'messages': ["Exception thrown: <type 'exceptions.Exception'> -- Not implemented yet",
                         '  File "grader.py", line 135, in <lambda>\n    grader.addHiddenPart(\'3g-3-hidden\', lambda : test3g(10, 10), 1, maxSeconds=1)\n',
                         '  File "grader.py", line 133, in test3g\n    ans2 = submission.computeLongestPalindrome(text)\n',
                         '  File "/Users/himanshu.bhandoh/Documents/Personal/cs221/submission.py", line 116, in computeLongestPalindrome\n    raise Exception("Not implemented yet")\n'],
            'name': '3g-3-hidden',
            'points': 0,
            'seconds': 0},
           {'description': '',
            'extraCredit': False,
            'maxPoints': 1,
            'maxSeconds': 1,
            'messages': ["Exception thrown: <type 'exceptions.Exception'> -- Not implemented yet",
                         '  File "grader.py", line 136, in <lambda>\n    grader.addHiddenPart(\'3g-4-hidden\', lambda : test3g(5, 20), 1, maxSeconds=1)\n',
                         '  File "grader.py", line 133, in test3g\n    ans2 = submission.computeLongestPalindrome(text)\n',
                         '  File "/Users/himanshu.bhandoh/Documents/Personal/cs221/submission.py", line 116, in computeLongestPalindrome\n    raise Exception("Not implemented yet")\n'],
            'name': '3g-4-hidden',
            'points': 0,
            'seconds': 0},
           {'description': '',
            'extraCredit': False,
            'maxPoints': 1,
            'maxSeconds': 2,
            'messages': ["Exception thrown: <type 'exceptions.Exception'> -- Not implemented yet",
                         '  File "grader.py", line 137, in <lambda>\n    grader.addHiddenPart(\'3g-5-hidden\', lambda : test3g(5, 400), 1, maxSeconds=2)\n',
                         '  File "grader.py", line 133, in test3g\n    ans2 = submission.computeLongestPalindrome(text)\n',
                         '  File "/Users/himanshu.bhandoh/Documents/Personal/cs221/submission.py", line 116, in computeLongestPalindrome\n    raise Exception("Not implemented yet")\n'],
            'name': '3g-5-hidden',
            'points': 0,
            'seconds': 0}],
 'totalPoints': 4}
