fatalError: false
maxTotalPoints: 40
messages: []
mode: auto
parts:
- description: ''
  extraCredit: false
  maxPoints: 0
  maxSeconds: 15
  messages: []
  name: init
  points: 0
  seconds: 5
- description: ''
  extraCredit: false
  maxPoints: 1
  maxSeconds: 2
  messages: []
  name: 1b-1-basic
  points: 1
  seconds: 0
- description: ''
  extraCredit: false
  maxPoints: 1
  maxSeconds: 2
  messages: []
  name: 1b-2-basic
  points: 1
  seconds: 0
- description: ''
  extraCredit: false
  maxPoints: 3
  maxSeconds: 3
  messages: []
  name: 1b-3-hidden
  points: 0
  seconds: 0
- description: ''
  extraCredit: false
  maxPoints: 5
  maxSeconds: 3
  messages: []
  name: 1b-4-hidden
  points: 0
  seconds: 0
- description: ''
  extraCredit: false
  maxPoints: 1
  maxSeconds: 2
  messages: []
  name: 2b-1-basic
  points: 1
  seconds: 0
- description: ''
  extraCredit: false
  maxPoints: 3
  maxSeconds: 2
  messages: []
  name: 2b-2-hidden
  points: 0
  seconds: 0
- description: ''
  extraCredit: false
  maxPoints: 3
  maxSeconds: 3
  messages: []
  name: 2b-3-hidden
  points: 0
  seconds: 0
- description: ''
  extraCredit: false
  maxPoints: 3
  maxSeconds: 3
  messages: []
  name: 2b-4-hidden
  points: 0
  seconds: 0
- description: ''
  extraCredit: false
  maxPoints: 1
  maxSeconds: 2
  messages: []
  name: 3b-1-basic
  points: 1
  seconds: 0
- description: ''
  extraCredit: false
  maxPoints: 1
  maxSeconds: 2
  messages: []
  name: 3b-2-basic
  points: 1
  seconds: 0
- description: ''
  extraCredit: false
  maxPoints: 6
  maxSeconds: 3
  messages: []
  name: 3b-3-hidden
  points: 0
  seconds: 0
- description: ''
  extraCredit: false
  maxPoints: 6
  maxSeconds: 3
  messages: []
  name: 3b-4-hidden
  points: 0
  seconds: 0
- description: ''
  extraCredit: false
  maxPoints: 6
  maxSeconds: 3
  messages: []
  name: 3b-5-hidden
  points: 0
  seconds: 0
totalPoints: 5
